<?xml version="1.0" encoding="UTF-8"?>
<testsuite xmlns:xsi="http://www.w3.org/2001/XMLSchema-instance" xsi:noNamespaceSchemaLocation="https://maven.apache.org/surefire/maven-surefire-plugin/xsd/surefire-test-report.xsd" name="CodeForFuture.AutoCode.AppTest" time="1.655" tests="4" errors="0" skipped="0" failures="0">
  <properties>
[...]
</properties>
  <testcase name="testApp" classname="CodeForFuture.AutoCode.AppTest" time="0.005"/>
  <testcase name="testzip" classname="CodeForFuture.AutoCode.AppTest" time="0"/>
  <testcase name="testSplit" classname="CodeForFuture.AutoCode.AppTest" time="0.002"/>
  <testcase name="testGenerator" classname="CodeForFuture.AutoCode.AppTest" time="1.614"/>
</testsuite>